\BOOKMARK [0][-]{chapter.1}{\376\377\000L\000o\000o\000k\000i\000n\000g\000\040\000G\000l\000a\000s\000s}{}% 1
\BOOKMARK [0][-]{chapter.2}{\376\377\000H\000i\000e\000r\000a\000r\000c\000h\000i\000c\000a\000l\000\040\000I\000n\000d\000e\000x}{}% 2
\BOOKMARK [1][-]{section.2.1}{\376\377\000C\000l\000a\000s\000s\000\040\000H\000i\000e\000r\000a\000r\000c\000h\000y}{chapter.2}% 3
\BOOKMARK [0][-]{chapter.3}{\376\377\000D\000a\000t\000a\000\040\000S\000t\000r\000u\000c\000t\000u\000r\000e\000\040\000I\000n\000d\000e\000x}{}% 4
\BOOKMARK [1][-]{section.3.1}{\376\377\000D\000a\000t\000a\000\040\000S\000t\000r\000u\000c\000t\000u\000r\000e\000s}{chapter.3}% 5
\BOOKMARK [0][-]{chapter.4}{\376\377\000D\000a\000t\000a\000\040\000S\000t\000r\000u\000c\000t\000u\000r\000e\000\040\000D\000o\000c\000u\000m\000e\000n\000t\000a\000t\000i\000o\000n}{}% 6
\BOOKMARK [1][-]{section.4.1}{\376\377\000A\000n\000n\000o\000t\000a\000t\000i\000o\000n\000\040\000C\000l\000a\000s\000s\000\040\000R\000e\000f\000e\000r\000e\000n\000c\000e}{chapter.4}% 7
\BOOKMARK [1][-]{section.4.2}{\376\377\000A\000R\000D\000e\000t\000a\000i\000l\000e\000d\000V\000i\000e\000w\000C\000o\000n\000t\000r\000o\000l\000l\000e\000r\000\040\000C\000l\000a\000s\000s\000\040\000R\000e\000f\000e\000r\000e\000n\000c\000e}{chapter.4}% 8
\BOOKMARK [2][-]{subsection.4.2.1}{\376\377\000M\000e\000t\000h\000o\000d\000\040\000D\000o\000c\000u\000m\000e\000n\000t\000a\000t\000i\000o\000n}{section.4.2}% 9
\BOOKMARK [3][-]{subsubsection.4.2.1.1}{\376\377\000s\000e\000t\000C\000e\000l\000l\000D\000a\000t\000a\000W\000i\000t\000h\000N\000a\000m\000e\000:\000a\000n\000d\000I\000m\000a\000g\000e\000N\000a\000m\000e\000:\000a\000n\000d\000T\000e\000x\000t\000:}{subsection.4.2.1}% 10
\BOOKMARK [1][-]{section.4.3}{\376\377\000A\000R\000D\000e\000t\000a\000i\000l\000e\000d\000V\000i\000e\000w\000C\000o\000n\000t\000r\000o\000l\000l\000e\000r\000\050\000\051\000\040\000C\000a\000t\000e\000g\000o\000r\000y\000\040\000R\000e\000f\000e\000r\000e\000n\000c\000e}{chapter.4}% 11
\BOOKMARK [1][-]{section.4.4}{\376\377\000A\000R\000M\000a\000r\000k\000e\000r\000\040\000C\000l\000a\000s\000s\000\040\000R\000e\000f\000e\000r\000e\000n\000c\000e}{chapter.4}% 12
\BOOKMARK [1][-]{section.4.5}{\376\377\000A\000R\000V\000i\000e\000w\000\040\000C\000l\000a\000s\000s\000\040\000R\000e\000f\000e\000r\000e\000n\000c\000e}{chapter.4}% 13
\BOOKMARK [2][-]{subsection.4.5.1}{\376\377\000D\000e\000t\000a\000i\000l\000e\000d\000\040\000D\000e\000s\000c\000r\000i\000p\000t\000i\000o\000n}{section.4.5}% 14
\BOOKMARK [1][-]{section.4.6}{\376\377\000A\000R\000V\000i\000e\000w\000\050\000\051\000\040\000C\000a\000t\000e\000g\000o\000r\000y\000\040\000R\000e\000f\000e\000r\000e\000n\000c\000e}{chapter.4}% 15
\BOOKMARK [1][-]{section.4.7}{\376\377\000D\000B\000W\000r\000a\000p\000p\000e\000r\000\040\000C\000l\000a\000s\000s\000\040\000R\000e\000f\000e\000r\000e\000n\000c\000e}{chapter.4}% 16
\BOOKMARK [2][-]{subsection.4.7.1}{\376\377\000M\000e\000t\000h\000o\000d\000\040\000D\000o\000c\000u\000m\000e\000n\000t\000a\000t\000i\000o\000n}{section.4.7}% 17
\BOOKMARK [3][-]{subsubsection.4.7.1.1}{\376\377\000g\000e\000t\000A\000l\000l\000B\000u\000i\000l\000d\000i\000n\000g\000s\000W\000i\000t\000h\000C\000a\000l\000l\000b\000a\000c\000k\000:}{subsection.4.7.1}% 18
\BOOKMARK [3][-]{subsubsection.4.7.1.2}{\376\377\000g\000e\000t\000H\000T\000T\000P\000D\000a\000t\000a\000W\000i\000t\000h\000U\000r\000l\000:}{subsection.4.7.1}% 19
\BOOKMARK [3][-]{subsubsection.4.7.1.3}{\376\377\000g\000e\000t\000H\000T\000T\000P\000D\000a\000t\000a\000W\000i\000t\000h\000U\000r\000l\000:\000a\000n\000d\000C\000a\000l\000l\000b\000a\000c\000k\000:}{subsection.4.7.1}% 20
\BOOKMARK [3][-]{subsubsection.4.7.1.4}{\376\377\000g\000e\000t\000R\000o\000w\000W\000i\000t\000h\000R\000o\000w\000I\000d\000:\000a\000n\000d\000C\000a\000l\000l\000b\000a\000c\000k\000:}{subsection.4.7.1}% 21
\BOOKMARK [3][-]{subsubsection.4.7.1.5}{\376\377\000g\000e\000t\000T\000e\000x\000t\000W\000i\000t\000h\000R\000o\000w\000I\000d\000:\000a\000n\000d\000C\000a\000l\000l\000b\000a\000c\000k\000:}{subsection.4.7.1}% 22
\BOOKMARK [3][-]{subsubsection.4.7.1.6}{\376\377\000p\000a\000r\000s\000e\000J\000S\000O\000N\000T\000o\000A\000r\000r\000a\000y\000:}{subsection.4.7.1}% 23
\BOOKMARK [3][-]{subsubsection.4.7.1.7}{\376\377\000p\000a\000r\000s\000e\000J\000S\000O\000N\000T\000o\000D\000i\000c\000t\000:}{subsection.4.7.1}% 24
\BOOKMARK [1][-]{section.4.8}{\376\377\000<\000d\000e\000t\000a\000i\000l\000V\000i\000e\000w\000C\000o\000n\000t\000r\000o\000l\000l\000e\000r\000D\000e\000l\000e\000g\000a\000t\000e\000>\000\040\000P\000r\000o\000t\000o\000c\000o\000l\000\040\000R\000e\000f\000e\000r\000e\000n\000c\000e}{chapter.4}% 25
\BOOKMARK [1][-]{section.4.9}{\376\377\000J\000K\000A\000r\000r\000a\000y\000\040\000C\000l\000a\000s\000s\000\040\000R\000e\000f\000e\000r\000e\000n\000c\000e}{chapter.4}% 26
\BOOKMARK [1][-]{section.4.10}{\376\377\000J\000K\000B\000u\000f\000f\000e\000r\000\040\000S\000t\000r\000u\000c\000t\000\040\000R\000e\000f\000e\000r\000e\000n\000c\000e}{chapter.4}% 27
\BOOKMARK [1][-]{section.4.11}{\376\377\000J\000K\000C\000o\000n\000s\000t\000B\000u\000f\000f\000e\000r\000\040\000S\000t\000r\000u\000c\000t\000\040\000R\000e\000f\000e\000r\000e\000n\000c\000e}{chapter.4}% 28
\BOOKMARK [1][-]{section.4.12}{\376\377\000J\000K\000C\000o\000n\000s\000t\000P\000t\000r\000R\000a\000n\000g\000e\000\040\000S\000t\000r\000u\000c\000t\000\040\000R\000e\000f\000e\000r\000e\000n\000c\000e}{chapter.4}% 29
\BOOKMARK [1][-]{section.4.13}{\376\377\000J\000K\000D\000i\000c\000t\000i\000o\000n\000a\000r\000y\000\040\000C\000l\000a\000s\000s\000\040\000R\000e\000f\000e\000r\000e\000n\000c\000e}{chapter.4}% 30
\BOOKMARK [1][-]{section.4.14}{\376\377\000J\000K\000D\000i\000c\000t\000i\000o\000n\000a\000r\000y\000E\000n\000u\000m\000e\000r\000a\000t\000o\000r\000\040\000C\000l\000a\000s\000s\000\040\000R\000e\000f\000e\000r\000e\000n\000c\000e}{chapter.4}% 31
\BOOKMARK [1][-]{section.4.15}{\376\377\000J\000K\000E\000n\000c\000o\000d\000e\000C\000a\000c\000h\000e\000\040\000S\000t\000r\000u\000c\000t\000\040\000R\000e\000f\000e\000r\000e\000n\000c\000e}{chapter.4}% 32
\BOOKMARK [1][-]{section.4.16}{\376\377\000J\000K\000E\000n\000c\000o\000d\000e\000S\000t\000a\000t\000e\000\040\000S\000t\000r\000u\000c\000t\000\040\000R\000e\000f\000e\000r\000e\000n\000c\000e}{chapter.4}% 33
\BOOKMARK [1][-]{section.4.17}{\376\377\000J\000K\000F\000a\000s\000t\000C\000l\000a\000s\000s\000L\000o\000o\000k\000u\000p\000\040\000S\000t\000r\000u\000c\000t\000\040\000R\000e\000f\000e\000r\000e\000n\000c\000e}{chapter.4}% 34
\BOOKMARK [1][-]{section.4.18}{\376\377\000J\000K\000H\000a\000s\000h\000T\000a\000b\000l\000e\000E\000n\000t\000r\000y\000\040\000S\000t\000r\000u\000c\000t\000\040\000R\000e\000f\000e\000r\000e\000n\000c\000e}{chapter.4}% 35
\BOOKMARK [1][-]{section.4.19}{\376\377\000J\000K\000M\000a\000n\000a\000g\000e\000d\000B\000u\000f\000f\000e\000r\000\040\000S\000t\000r\000u\000c\000t\000\040\000R\000e\000f\000e\000r\000e\000n\000c\000e}{chapter.4}% 36
\BOOKMARK [1][-]{section.4.20}{\376\377\000J\000K\000O\000b\000j\000C\000I\000m\000p\000C\000a\000c\000h\000e\000\040\000S\000t\000r\000u\000c\000t\000\040\000R\000e\000f\000e\000r\000e\000n\000c\000e}{chapter.4}% 37
\BOOKMARK [1][-]{section.4.21}{\376\377\000J\000K\000O\000b\000j\000e\000c\000t\000S\000t\000a\000c\000k\000\040\000S\000t\000r\000u\000c\000t\000\040\000R\000e\000f\000e\000r\000e\000n\000c\000e}{chapter.4}% 38
\BOOKMARK [1][-]{section.4.22}{\376\377\000J\000K\000P\000a\000r\000s\000e\000S\000t\000a\000t\000e\000\040\000S\000t\000r\000u\000c\000t\000\040\000R\000e\000f\000e\000r\000e\000n\000c\000e}{chapter.4}% 39
\BOOKMARK [1][-]{section.4.23}{\376\377\000J\000K\000P\000a\000r\000s\000e\000T\000o\000k\000e\000n\000\040\000S\000t\000r\000u\000c\000t\000\040\000R\000e\000f\000e\000r\000e\000n\000c\000e}{chapter.4}% 40
\BOOKMARK [1][-]{section.4.24}{\376\377\000J\000K\000P\000t\000r\000R\000a\000n\000g\000e\000\040\000S\000t\000r\000u\000c\000t\000\040\000R\000e\000f\000e\000r\000e\000n\000c\000e}{chapter.4}% 41
\BOOKMARK [1][-]{section.4.25}{\376\377\000J\000K\000R\000a\000n\000g\000e\000\040\000S\000t\000r\000u\000c\000t\000\040\000R\000e\000f\000e\000r\000e\000n\000c\000e}{chapter.4}% 42
\BOOKMARK [1][-]{section.4.26}{\376\377\000J\000K\000S\000e\000r\000i\000a\000l\000i\000z\000e\000r\000\040\000C\000l\000a\000s\000s\000\040\000R\000e\000f\000e\000r\000e\000n\000c\000e}{chapter.4}% 43
\BOOKMARK [1][-]{section.4.27}{\376\377\000J\000K\000T\000o\000k\000e\000n\000C\000a\000c\000h\000e\000\040\000S\000t\000r\000u\000c\000t\000\040\000R\000e\000f\000e\000r\000e\000n\000c\000e}{chapter.4}% 44
\BOOKMARK [1][-]{section.4.28}{\376\377\000J\000K\000T\000o\000k\000e\000n\000C\000a\000c\000h\000e\000I\000t\000e\000m\000\040\000S\000t\000r\000u\000c\000t\000\040\000R\000e\000f\000e\000r\000e\000n\000c\000e}{chapter.4}% 45
\BOOKMARK [1][-]{section.4.29}{\376\377\000J\000K\000T\000o\000k\000e\000n\000V\000a\000l\000u\000e\000\040\000S\000t\000r\000u\000c\000t\000\040\000R\000e\000f\000e\000r\000e\000n\000c\000e}{chapter.4}% 46
\BOOKMARK [1][-]{section.4.30}{\376\377\000J\000S\000O\000N\000D\000e\000c\000o\000d\000e\000r\000\040\000C\000l\000a\000s\000s\000\040\000R\000e\000f\000e\000r\000e\000n\000c\000e}{chapter.4}% 47
\BOOKMARK [1][-]{section.4.31}{\376\377\000M\000a\000p\000O\000v\000e\000r\000l\000a\000y\000\040\000C\000l\000a\000s\000s\000\040\000R\000e\000f\000e\000r\000e\000n\000c\000e}{chapter.4}% 48
\BOOKMARK [1][-]{section.4.32}{\376\377\000M\000a\000p\000O\000v\000e\000r\000l\000a\000y\000V\000i\000e\000w\000\040\000C\000l\000a\000s\000s\000\040\000R\000e\000f\000e\000r\000e\000n\000c\000e}{chapter.4}% 49
\BOOKMARK [1][-]{section.4.33}{\376\377\000N\000S\000A\000r\000r\000a\000y\000\050\000J\000S\000O\000N\000K\000i\000t\000S\000e\000r\000i\000a\000l\000i\000z\000i\000n\000g\000\051\000\040\000C\000a\000t\000e\000g\000o\000r\000y\000\040\000R\000e\000f\000e\000r\000e\000n\000c\000e}{chapter.4}% 50
\BOOKMARK [1][-]{section.4.34}{\376\377\000N\000S\000D\000a\000t\000a\000\050\000J\000S\000O\000N\000K\000i\000t\000D\000e\000s\000e\000r\000i\000a\000l\000i\000z\000i\000n\000g\000\051\000\040\000C\000a\000t\000e\000g\000o\000r\000y\000\040\000R\000e\000f\000e\000r\000e\000n\000c\000e}{chapter.4}% 51
\BOOKMARK [1][-]{section.4.35}{\376\377\000N\000S\000D\000i\000c\000t\000i\000o\000n\000a\000r\000y\000\050\000J\000S\000O\000N\000K\000i\000t\000S\000e\000r\000i\000a\000l\000i\000z\000i\000n\000g\000\051\000\040\000C\000a\000t\000e\000g\000o\000r\000y\000\040\000R\000e\000f\000e\000r\000e\000n\000c\000e}{chapter.4}% 52
\BOOKMARK [1][-]{section.4.36}{\376\377\000N\000S\000S\000t\000r\000i\000n\000g\000\050\000J\000S\000O\000N\000K\000i\000t\000D\000e\000s\000e\000r\000i\000a\000l\000i\000z\000i\000n\000g\000\051\000\040\000C\000a\000t\000e\000g\000o\000r\000y\000\040\000R\000e\000f\000e\000r\000e\000n\000c\000e}{chapter.4}% 53
\BOOKMARK [1][-]{section.4.37}{\376\377\000N\000S\000S\000t\000r\000i\000n\000g\000\050\000J\000S\000O\000N\000K\000i\000t\000S\000e\000r\000i\000a\000l\000i\000z\000i\000n\000g\000\051\000\040\000C\000a\000t\000e\000g\000o\000r\000y\000\040\000R\000e\000f\000e\000r\000e\000n\000c\000e}{chapter.4}% 54
\BOOKMARK [1][-]{section.4.38}{\376\377\000P\000l\000a\000c\000e\000O\000f\000I\000n\000t\000e\000r\000e\000s\000t\000\040\000C\000l\000a\000s\000s\000\040\000R\000e\000f\000e\000r\000e\000n\000c\000e}{chapter.4}% 55
\BOOKMARK [2][-]{subsection.4.38.1}{\376\377\000D\000e\000t\000a\000i\000l\000e\000d\000\040\000D\000e\000s\000c\000r\000i\000p\000t\000i\000o\000n}{section.4.38}% 56
\BOOKMARK [1][-]{section.4.39}{\376\377\000<\000s\000e\000t\000t\000i\000n\000g\000s\000V\000i\000e\000w\000C\000o\000n\000t\000r\000o\000l\000l\000e\000r\000D\000e\000l\000e\000g\000a\000t\000e\000>\000\040\000P\000r\000o\000t\000o\000c\000o\000l\000\040\000R\000e\000f\000e\000r\000e\000n\000c\000e}{chapter.4}% 57
\BOOKMARK [1][-]{section.4.40}{\376\377\000V\000i\000r\000t\000T\000o\000u\000r\000A\000p\000p\000D\000e\000l\000e\000g\000a\000t\000e\000\040\000C\000l\000a\000s\000s\000\040\000R\000e\000f\000e\000r\000e\000n\000c\000e}{chapter.4}% 58
\BOOKMARK [1][-]{section.4.41}{\376\377\000V\000i\000r\000t\000T\000o\000u\000r\000S\000e\000t\000t\000i\000n\000g\000s\000V\000i\000e\000w\000C\000o\000n\000t\000r\000o\000l\000l\000e\000r\000\040\000C\000l\000a\000s\000s\000\040\000R\000e\000f\000e\000r\000e\000n\000c\000e}{chapter.4}% 59
\BOOKMARK [2][-]{subsection.4.41.1}{\376\377\000M\000e\000t\000h\000o\000d\000\040\000D\000o\000c\000u\000m\000e\000n\000t\000a\000t\000i\000o\000n}{section.4.41}% 60
\BOOKMARK [3][-]{subsubsection.4.41.1.1}{\376\377\000c\000h\000a\000n\000g\000e\000B\000u\000i\000l\000d\000i\000n\000g\000S\000e\000t\000t\000i\000n\000g\000:}{subsection.4.41.1}% 61
\BOOKMARK [3][-]{subsubsection.4.41.1.2}{\376\377\000c\000h\000a\000n\000g\000e\000M\000a\000p\000T\000y\000p\000e\000:}{subsection.4.41.1}% 62
\BOOKMARK [1][-]{section.4.42}{\376\377\000V\000i\000r\000t\000T\000o\000u\000r\000S\000e\000t\000t\000i\000n\000g\000s\000V\000i\000e\000w\000C\000o\000n\000t\000r\000o\000l\000l\000e\000r\000\050\000\051\000\040\000C\000a\000t\000e\000g\000o\000r\000y\000\040\000R\000e\000f\000e\000r\000e\000n\000c\000e}{chapter.4}% 63
\BOOKMARK [1][-]{section.4.43}{\376\377\000V\000i\000r\000t\000T\000o\000u\000r\000V\000i\000e\000w\000C\000o\000n\000t\000r\000o\000l\000l\000e\000r\000\040\000C\000l\000a\000s\000s\000\040\000R\000e\000f\000e\000r\000e\000n\000c\000e}{chapter.4}% 64
\BOOKMARK [2][-]{subsection.4.43.1}{\376\377\000M\000e\000t\000h\000o\000d\000\040\000D\000o\000c\000u\000m\000e\000n\000t\000a\000t\000i\000o\000n}{section.4.43}% 65
\BOOKMARK [3][-]{subsubsection.4.43.1.1}{\376\377\000M\000e\000t\000e\000r\000s\000T\000o\000M\000i\000l\000e\000s\000:}{subsection.4.43.1}% 66
\BOOKMARK [3][-]{subsubsection.4.43.1.2}{\376\377\000r\000e\000s\000e\000t\000D\000a\000t\000a}{subsection.4.43.1}% 67
\BOOKMARK [3][-]{subsubsection.4.43.1.3}{\376\377\000s\000e\000t\000M\000a\000p\000T\000y\000p\000e\000:}{subsection.4.43.1}% 68
\BOOKMARK [3][-]{subsubsection.4.43.1.4}{\376\377\000s\000h\000o\000w\000D\000e\000t\000a\000i\000l\000e\000d\000V\000i\000e\000w\000W\000i\000t\000h\000R\000o\000w\000I\000d\000:}{subsection.4.43.1}% 69
\BOOKMARK [1][-]{section.4.44}{\376\377\000V\000i\000r\000t\000T\000o\000u\000r\000V\000i\000e\000w\000C\000o\000n\000t\000r\000o\000l\000l\000e\000r\000\050\000\051\000\040\000C\000a\000t\000e\000g\000o\000r\000y\000\040\000R\000e\000f\000e\000r\000e\000n\000c\000e}{chapter.4}% 70
\BOOKMARK [1][-]{section.4.45}{\376\377\000V\000i\000r\000t\000T\000o\000u\000r\000W\000e\000b\000V\000i\000e\000w\000C\000o\000n\000t\000r\000o\000l\000l\000e\000r\000\040\000C\000l\000a\000s\000s\000\040\000R\000e\000f\000e\000r\000e\000n\000c\000e}{chapter.4}% 71
\BOOKMARK [2][-]{subsection.4.45.1}{\376\377\000D\000e\000t\000a\000i\000l\000e\000d\000\040\000D\000e\000s\000c\000r\000i\000p\000t\000i\000o\000n}{section.4.45}% 72
\BOOKMARK [1][-]{section.4.46}{\376\377\000V\000i\000r\000t\000T\000o\000u\000r\000W\000e\000b\000V\000i\000e\000w\000C\000o\000n\000t\000r\000o\000l\000l\000e\000r\000\050\000\051\000\040\000C\000a\000t\000e\000g\000o\000r\000y\000\040\000R\000e\000f\000e\000r\000e\000n\000c\000e}{chapter.4}% 73
\BOOKMARK [-1][-]{section.4.46}{\376\377\000I\000n\000d\000e\000x}{}% 74
